<?xml version="1.0" encoding="UTF-8"?>
<testng-results skipped="0" failed="0" ignored="0" total="1" passed="1">
  <reporter-output>
  </reporter-output>
  <suite name="Default suite" duration-ms="32881" started-at="2018-07-16T15:56:59Z" finished-at="2018-07-16T15:57:32Z">
    <groups>
    </groups>
    <test name="Default test" duration-ms="32881" started-at="2018-07-16T15:56:59Z" finished-at="2018-07-16T15:57:32Z">
      <class name="com.san.Test.AppiumTest">
        <test-method status="PASS" signature="Setup()[pri:0, instance:com.san.Test.AppiumTest@6043cd28]" name="Setup" is-config="true" duration-ms="32816" started-at="2018-07-16T15:56:59Z" finished-at="2018-07-16T15:57:32Z">
          <reporter-output>
          </reporter-output>
        </test-method> <!-- Setup -->
        <test-method status="PASS" signature="openMobileBrowser()[pri:0, instance:com.san.Test.AppiumTest@6043cd28]" name="openMobileBrowser" duration-ms="17" started-at="2018-07-16T15:57:32Z" finished-at="2018-07-16T15:57:32Z">
          <reporter-output>
          </reporter-output>
        </test-method> <!-- openMobileBrowser -->
      </class> <!-- com.san.Test.AppiumTest -->
    </test> <!-- Default test -->
  </suite> <!-- Default suite -->
</testng-results>
